[ 2015-04-12T18:08:28+08:00 ] ::1 /gaobai/tell
ERR: 无法加载模块:Tell

[ 2015-04-12T18:08:41+08:00 ] ::1 /gaobai/tell
ERR: 无法加载模块:Tell

[ 2015-04-12T18:08:42+08:00 ] ::1 /gaobai/tell
ERR: 无法加载模块:Tell

[ 2015-04-12T18:09:17+08:00 ] ::1 /gaobai/Love/tell
ERR: 无法加载模块:Love

[ 2015-04-12T18:09:38+08:00 ] ::1 /gaobai/index.php/Love/tell
ERR: 无法加载模块:Love

[ 2015-04-12T18:10:02+08:00 ] ::1 /gaobai/index.php/Love
ERR: 无法加载模块:Love

[ 2015-04-12T18:10:10+08:00 ] ::1 /gaobai/index.php/Love
ERR: 无法加载模块:Love

[ 2015-04-12T18:10:22+08:00 ] ::1 /gaobai/index.php/Index
ERR: 无法加载模块:Index

[ 2015-04-12T18:10:28+08:00 ] ::1 /gaobai/index.php/index
ERR: 无法加载模块:Index

[ 2015-04-12T18:10:35+08:00 ] ::1 /gaobai/index.php/Love
ERR: 无法加载模块:Love

[ 2015-04-12T18:11:29+08:00 ] ::1 /gaobai/index.php/Love/Index
ERR: 无法加载模块:Love

[ 2015-04-12T18:11:34+08:00 ] ::1 /gaobai/index.php/love/Index
ERR: 无法加载模块:Love

[ 2015-04-12T18:11:59+08:00 ] ::1 /gaobai/index.php/love/Index/index
ERR: 无法加载模块:Love

[ 2015-04-12T18:12:03+08:00 ] ::1 /gaobai/index.php/Love/Index/index
ERR: 无法加载模块:Love

[ 2015-04-12T18:12:10+08:00 ] ::1 /gaobai/Love/Index/index
ERR: 无法加载模块:Love

[ 2015-04-12T18:12:15+08:00 ] ::1 /gaobai/Love/Index/
ERR: 无法加载模块:Love

[ 2015-04-12T18:13:01+08:00 ] ::1 /gaobai/index.php/Index
ERR: 无法加载模块:Index

[ 2015-04-12T18:13:26+08:00 ] ::1 /gaobai/index.php/Index/Love
ERR: 无法加载模块:Index

[ 2015-04-12T18:13:30+08:00 ] ::1 /gaobai/index.php/Love
ERR: 无法加载模块:Love

[ 2015-04-12T18:13:53+08:00 ] ::1 /gaobai/index.php/Love/index
ERR: 无法加载模块:Love

[ 2015-04-12T18:14:09+08:00 ] ::1 /gaobai/index.php/Love/Home
ERR: 无法加载模块:Love

